<?xml version="1.0" encoding="UTF-8"?>
<testng-results ignored="0" total="1" passed="1" failed="0" skipped="0">
  <reporter-output>
  </reporter-output>
  <suite started-at="2025-07-11T13:47:01 CDT" name="LoginSuite" finished-at="2025-07-11T13:47:04 CDT" duration-ms="3587">
    <groups>
    </groups>
    <test started-at="2025-07-11T13:47:01 CDT" name="LoginTests" finished-at="2025-07-11T13:47:04 CDT" duration-ms="3587">
      <class name="tests.LoginTest">
        <test-method is-config="true" signature="setUp()[pri:0, instance:tests.LoginTest@1623b78d]" started-at="2025-07-11T13:47:01 CDT" name="setUp" finished-at="2025-07-11T13:47:03 CDT" duration-ms="2408" status="PASS">
          <reporter-output>
          </reporter-output>
        </test-method> <!-- setUp -->
        <test-method signature="testValidLogin()[pri:0, instance:tests.LoginTest@1623b78d]" started-at="2025-07-11T13:47:03 CDT" name="testValidLogin" finished-at="2025-07-11T13:47:04 CDT" duration-ms="1124" status="PASS">
          <reporter-output>
          </reporter-output>
        </test-method> <!-- testValidLogin -->
        <test-method is-config="true" signature="tearDown()[pri:0, instance:tests.LoginTest@1623b78d]" started-at="2025-07-11T13:47:04 CDT" name="tearDown" finished-at="2025-07-11T13:47:04 CDT" duration-ms="1" status="PASS">
          <reporter-output>
          </reporter-output>
        </test-method> <!-- tearDown -->
      </class> <!-- tests.LoginTest -->
    </test> <!-- LoginTests -->
  </suite> <!-- LoginSuite -->
</testng-results>
